0 info it worked if it ends with ok
1 verbose cli [ 'node', '/bin/npm', 'install', 'mime' ]
2 info using npm@1.3.6
3 info using node@v0.10.26
4 verbose node symlink /bin/node
5 warn package.json chatrooms@0.0.1 No repository field.
6 warn package.json chatrooms@0.0.1 No README data
7 warn package.json socket.io@1.0.0-pre No repository field.
8 verbose readDependencies using package.json deps
9 verbose cache add [ 'mime@git+ssh://git@github.com:broofa/node-mime.git', null ]
10 verbose cache add name=undefined spec="mime@git+ssh://git@github.com:broofa/node-mime.git" args=["mime@git+ssh://git@github.com:broofa/node-mime.git",null]
11 verbose parsed url { protocol: null,
11 verbose parsed url   slashes: null,
11 verbose parsed url   auth: null,
11 verbose parsed url   host: null,
11 verbose parsed url   port: null,
11 verbose parsed url   hostname: null,
11 verbose parsed url   hash: null,
11 verbose parsed url   search: null,
11 verbose parsed url   query: null,
11 verbose parsed url   pathname: 'mime@git+ssh://git@github.com:broofa/node-mime.git',
11 verbose parsed url   path: 'mime@git+ssh://git@github.com:broofa/node-mime.git',
11 verbose parsed url   href: 'mime@git+ssh://git@github.com:broofa/node-mime.git' }
12 verbose cache add name="mime" spec="git+ssh://git@github.com:broofa/node-mime.git" args=["mime","git+ssh://git@github.com:broofa/node-mime.git"]
13 verbose parsed url { protocol: 'git+ssh:',
13 verbose parsed url   slashes: true,
13 verbose parsed url   auth: 'git',
13 verbose parsed url   host: 'github.com',
13 verbose parsed url   port: null,
13 verbose parsed url   hostname: 'github.com',
13 verbose parsed url   hash: null,
13 verbose parsed url   search: null,
13 verbose parsed url   query: null,
13 verbose parsed url   pathname: '/:broofa/node-mime.git',
13 verbose parsed url   path: '/:broofa/node-mime.git',
13 verbose parsed url   href: 'git+ssh://git@github.com/:broofa/node-mime.git' }
14 silly lockFile ca1f8177--github-com-broofa-node-mime-git git+ssh://git@github.com:broofa/node-mime.git
15 verbose lock git+ssh://git@github.com:broofa/node-mime.git /root/.npm/ca1f8177--github-com-broofa-node-mime-git.lock
16 verbose addRemoteGit [ 'git@github.com:broofa/node-mime.git', 'master' ]
17 error git clone git@github.com:broofa/node-mime.git Cloning into bare repository '/root/.npm/_git-remotes/git-github-com-broofa-node-mime-git-2408f9a2'...
17 error git clone git@github.com:broofa/node-mime.git Warning: Permanently added 'github.com,192.30.252.131' (RSA) to the list of known hosts.
17 error git clone git@github.com:broofa/node-mime.git Permission denied (publickey).
17 error git clone git@github.com:broofa/node-mime.git fatal: Could not read from remote repository.
17 error git clone git@github.com:broofa/node-mime.git
17 error git clone git@github.com:broofa/node-mime.git Please make sure you have the correct access rights
17 error git clone git@github.com:broofa/node-mime.git and the repository exists.
18 silly lockFile 2408f9a2--github-com-broofa-node-mime-git git@github.com:broofa/node-mime.git
19 error Error: Command failed: Cloning into bare repository '/root/.npm/_git-remotes/git-github-com-broofa-node-mime-git-2408f9a2'...
19 error Warning: Permanently added 'github.com,192.30.252.131' (RSA) to the list of known hosts.
19 error Permission denied (publickey).
19 error fatal: Could not read from remote repository.
19 error
19 error Please make sure you have the correct access rights
19 error and the repository exists.
19 error
19 error     at ChildProcess.exithandler (child_process.js:637:15)
19 error     at ChildProcess.EventEmitter.emit (events.js:98:17)
19 error     at maybeClose (child_process.js:743:16)
19 error     at Process.ChildProcess._handle.onexit (child_process.js:810:5)
20 error If you need help, you may report this log at:
20 error     <http://github.com/isaacs/npm/issues>
20 error or email it to:
20 error     <npm-@googlegroups.com>
21 error System Linux 3.13.6-200.fc20.x86_64
22 error command "node" "/bin/npm" "install" "mime"
23 error cwd /var/www/html/chat
24 error node -v v0.10.26
25 error npm -v 1.3.6
26 error code 128
27 verbose exit [ 1, true ]
